{"name":"hexo","hostname":"yanyuandeMacBook-Pro.local","pid":29344,"level":20,"msg":"Writing database to /Users/yanyuan/Desktop/Develop/Github/YanYuanFE.github.io/db.json","time":"2022-05-28T03:42:08.147Z","v":0}
{"name":"hexo","hostname":"yanyuandeMacBook-Pro.local","pid":29344,"level":20,"msg":"Hexo version: \u001b[35m3.9.0\u001b[39m","time":"2022-05-28T03:42:08.162Z","v":0}
{"name":"hexo","hostname":"yanyuandeMacBook-Pro.local","pid":29344,"level":20,"msg":"Working directory: \u001b[35m~/Desktop/Develop/Github/YanYuanFE.github.io/\u001b[39m","time":"2022-05-28T03:42:08.162Z","v":0}
{"name":"hexo","hostname":"yanyuandeMacBook-Pro.local","pid":29344,"level":20,"msg":"Config loaded: \u001b[35m~/Desktop/Develop/Github/YanYuanFE.github.io/_config.yml\u001b[39m","time":"2022-05-28T03:42:08.270Z","v":0}
{"name":"hexo","hostname":"yanyuandeMacBook-Pro.local","pid":29344,"level":20,"msg":"Plugin loaded: \u001b[35mhexo-deployer-git\u001b[39m","time":"2022-05-28T03:42:08.358Z","v":0}
{"name":"hexo","hostname":"yanyuandeMacBook-Pro.local","pid":29344,"level":20,"msg":"Plugin loaded: \u001b[35mhexo-generator-archive\u001b[39m","time":"2022-05-28T03:42:08.363Z","v":0}
{"name":"hexo","hostname":"yanyuandeMacBook-Pro.local","pid":29344,"level":20,"msg":"Plugin loaded: \u001b[35mhexo-generator-cname\u001b[39m","time":"2022-05-28T03:42:08.364Z","v":0}
{"name":"hexo","hostname":"yanyuandeMacBook-Pro.local","pid":29344,"level":20,"msg":"Plugin loaded: \u001b[35mhexo-generator-category\u001b[39m","time":"2022-05-28T03:42:08.367Z","v":0}
{"name":"hexo","hostname":"yanyuandeMacBook-Pro.local","pid":29344,"level":20,"msg":"Plugin loaded: \u001b[35mhexo-generator-index\u001b[39m","time":"2022-05-28T03:42:08.369Z","v":0}
{"name":"hexo","hostname":"yanyuandeMacBook-Pro.local","pid":29344,"level":20,"msg":"Plugin loaded: \u001b[35mhexo-generator-tag\u001b[39m","time":"2022-05-28T03:42:08.371Z","v":0}
{"name":"hexo","hostname":"yanyuandeMacBook-Pro.local","pid":29344,"level":20,"msg":"Plugin loaded: \u001b[35mhexo-renderer-ejs\u001b[39m","time":"2022-05-28T03:42:08.374Z","v":0}
{"name":"hexo","hostname":"yanyuandeMacBook-Pro.local","pid":29344,"level":20,"msg":"Plugin loaded: \u001b[35mhexo-renderer-marked\u001b[39m","time":"2022-05-28T03:42:08.379Z","v":0}
{"name":"hexo","hostname":"yanyuandeMacBook-Pro.local","pid":29344,"level":20,"msg":"Plugin loaded: \u001b[35mhexo-renderer-stylus\u001b[39m","time":"2022-05-28T03:42:08.381Z","v":0}
{"name":"hexo","hostname":"yanyuandeMacBook-Pro.local","pid":29344,"level":20,"msg":"Plugin loaded: \u001b[35mhexo-server\u001b[39m","time":"2022-05-28T03:42:08.440Z","v":0}
{"name":"hexo","hostname":"yanyuandeMacBook-Pro.local","pid":29344,"level":20,"msg":"Loading database.","time":"2022-05-28T03:42:08.442Z","v":0}
{"name":"hexo","hostname":"yanyuandeMacBook-Pro.local","pid":29344,"level":30,"msg":"Start processing","time":"2022-05-28T03:42:08.589Z","v":0}
{"name":"hexo","hostname":"yanyuandeMacBook-Pro.local","pid":29344,"level":20,"msg":"Processed: \u001b[35m_posts/CSS3实现文字流光渐变动画.md\u001b[39m","time":"2022-05-28T03:42:08.653Z","v":0}
{"name":"hexo","hostname":"yanyuandeMacBook-Pro.local","pid":29344,"level":20,"msg":"Processed: \u001b[35m_posts/JavaScript排序算法之选择排序和插入排序.md\u001b[39m","time":"2022-05-28T03:42:08.653Z","v":0}
{"name":"hexo","hostname":"yanyuandeMacBook-Pro.local","pid":29344,"level":20,"msg":"Processed: \u001b[35m_posts/CSS学习笔记之获取元素CSS方法.md\u001b[39m","time":"2022-05-28T03:42:08.653Z","v":0}
{"name":"hexo","hostname":"yanyuandeMacBook-Pro.local","pid":29344,"level":20,"msg":"Processed: \u001b[35m_posts/React Native 封装HTTP请求.md\u001b[39m","time":"2022-05-28T03:42:08.653Z","v":0}
{"name":"hexo","hostname":"yanyuandeMacBook-Pro.local","pid":29344,"level":20,"msg":"Processed: \u001b[35m_posts/React Router V4 学习笔记.md\u001b[39m","time":"2022-05-28T03:42:08.654Z","v":0}
{"name":"hexo","hostname":"yanyuandeMacBook-Pro.local","pid":29344,"level":20,"msg":"Processed: \u001b[35m_posts/Redux实现简单计数器.md\u001b[39m","time":"2022-05-28T03:42:08.654Z","v":0}
{"name":"hexo","hostname":"yanyuandeMacBook-Pro.local","pid":29344,"level":20,"msg":"Processed: \u001b[35m_posts/Ubuntu下搭建前端开发环境和常用工具.md\u001b[39m","time":"2022-05-28T03:42:08.654Z","v":0}
{"name":"hexo","hostname":"yanyuandeMacBook-Pro.local","pid":29344,"level":20,"msg":"Processed: \u001b[35m_posts/Webpack5升级指南.md\u001b[39m","time":"2022-05-28T03:42:08.654Z","v":0}
{"name":"hexo","hostname":"yanyuandeMacBook-Pro.local","pid":29344,"level":20,"msg":"Processed: \u001b[35m_posts/Webpack之构建速度优化.md\u001b[39m","time":"2022-05-28T03:42:08.654Z","v":0}
{"name":"hexo","hostname":"yanyuandeMacBook-Pro.local","pid":29344,"level":20,"msg":"Processed: \u001b[35m_posts/Webpack之打包体积优化.md\u001b[39m","time":"2022-05-28T03:42:08.654Z","v":0}
{"name":"hexo","hostname":"yanyuandeMacBook-Pro.local","pid":29344,"level":20,"msg":"Processed: \u001b[35m_posts/hello-world.md\u001b[39m","time":"2022-05-28T03:42:08.654Z","v":0}
{"name":"hexo","hostname":"yanyuandeMacBook-Pro.local","pid":29344,"level":20,"msg":"Processed: \u001b[35m_posts/react-redux开发简单的to do应用.md\u001b[39m","time":"2022-05-28T03:42:08.654Z","v":0}
{"name":"hexo","hostname":"yanyuandeMacBook-Pro.local","pid":29344,"level":20,"msg":"Processed: \u001b[35m_posts/你不知道的CSS-一.md\u001b[39m","time":"2022-05-28T03:42:08.654Z","v":0}
{"name":"hexo","hostname":"yanyuandeMacBook-Pro.local","pid":29344,"level":20,"msg":"Processed: \u001b[35m_posts/使用webpack4和react-router 4实现代码分割.md\u001b[39m","time":"2022-05-28T03:42:08.654Z","v":0}
{"name":"hexo","hostname":"yanyuandeMacBook-Pro.local","pid":29344,"level":20,"msg":"Processed: \u001b[35m_posts/关于一道字符串格式化面试题的思考.md\u001b[39m","time":"2022-05-28T03:42:08.654Z","v":0}
{"name":"hexo","hostname":"yanyuandeMacBook-Pro.local","pid":29344,"level":20,"msg":"Processed: \u001b[35m_posts/初识Node-js.md\u001b[39m","time":"2022-05-28T03:42:08.654Z","v":0}
{"name":"hexo","hostname":"yanyuandeMacBook-Pro.local","pid":29344,"level":20,"msg":"Processed: \u001b[35m_posts/前端代码规范工程化实践指南.md\u001b[39m","time":"2022-05-28T03:42:08.654Z","v":0}
{"name":"hexo","hostname":"yanyuandeMacBook-Pro.local","pid":29344,"level":20,"msg":"Processed: \u001b[35m_posts/基于HTML5实现跨文档通信.md\u001b[39m","time":"2022-05-28T03:42:08.654Z","v":0}
{"name":"hexo","hostname":"yanyuandeMacBook-Pro.local","pid":29344,"level":20,"msg":"Processed: \u001b[35m_posts/在React和TypeScript中使用emotion.md\u001b[39m","time":"2022-05-28T03:42:08.654Z","v":0}
{"name":"hexo","hostname":"yanyuandeMacBook-Pro.local","pid":29344,"level":20,"msg":"Processed: \u001b[35m_posts/我和这个世界不熟.md\u001b[39m","time":"2022-05-28T03:42:08.655Z","v":0}
{"name":"hexo","hostname":"yanyuandeMacBook-Pro.local","pid":29344,"level":20,"msg":"Processed: \u001b[35m_posts/我的第一个博客，Hexo强力驱动.md\u001b[39m","time":"2022-05-28T03:42:08.655Z","v":0}
{"name":"hexo","hostname":"yanyuandeMacBook-Pro.local","pid":29344,"level":20,"msg":"Processed: \u001b[35m_posts/手摸手撸一个简单的Redux（三）.md\u001b[39m","time":"2022-05-28T03:42:08.655Z","v":0}
{"name":"hexo","hostname":"yanyuandeMacBook-Pro.local","pid":29344,"level":20,"msg":"Processed: \u001b[35m_posts/微信网页授权功能开发总结.md\u001b[39m","time":"2022-05-28T03:42:08.655Z","v":0}
{"name":"hexo","hostname":"yanyuandeMacBook-Pro.local","pid":29344,"level":20,"msg":"Processed: \u001b[35m_posts/手摸手撸一个简单的Redux（二）.md\u001b[39m","time":"2022-05-28T03:42:08.655Z","v":0}
{"name":"hexo","hostname":"yanyuandeMacBook-Pro.local","pid":29344,"level":20,"msg":"Processed: \u001b[35m_posts/手摸手撸一个简单的Redux（一）.md\u001b[39m","time":"2022-05-28T03:42:08.655Z","v":0}
{"name":"hexo","hostname":"yanyuandeMacBook-Pro.local","pid":29344,"level":20,"msg":"Processed: \u001b[35m_posts/手摸手撸一个简单的Redux（五）.md\u001b[39m","time":"2022-05-28T03:42:08.655Z","v":0}
{"name":"hexo","hostname":"yanyuandeMacBook-Pro.local","pid":29344,"level":20,"msg":"Processed: \u001b[35m_posts/手摸手撸一个简单的Redux（四）.md\u001b[39m","time":"2022-05-28T03:42:08.655Z","v":0}
{"name":"hexo","hostname":"yanyuandeMacBook-Pro.local","pid":29344,"level":20,"msg":"Processed: \u001b[35m_posts/正则表达式必知必会.md\u001b[39m","time":"2022-05-28T03:42:08.655Z","v":0}
{"name":"hexo","hostname":"yanyuandeMacBook-Pro.local","pid":29344,"level":20,"msg":"Processed: \u001b[35m_posts/浅析HTTP缓存.md\u001b[39m","time":"2022-05-28T03:42:08.655Z","v":0}
{"name":"hexo","hostname":"yanyuandeMacBook-Pro.local","pid":29344,"level":20,"msg":"Processed: \u001b[35m_posts/深入理解JavaScript之this.md\u001b[39m","time":"2022-05-28T03:42:08.655Z","v":0}
{"name":"hexo","hostname":"yanyuandeMacBook-Pro.local","pid":29344,"level":20,"msg":"Processed: \u001b[35m_posts/深入理解JavaScript之克隆.md\u001b[39m","time":"2022-05-28T03:42:08.656Z","v":0}
{"name":"hexo","hostname":"yanyuandeMacBook-Pro.local","pid":29344,"level":20,"msg":"Processed: \u001b[35m_posts/深入理解JavaScript之变量提升.md\u001b[39m","time":"2022-05-28T03:42:08.656Z","v":0}
{"name":"hexo","hostname":"yanyuandeMacBook-Pro.local","pid":29344,"level":20,"msg":"Processed: \u001b[35m_posts/深拷贝探秘.md\u001b[39m","time":"2022-05-28T03:42:08.656Z","v":0}
{"name":"hexo","hostname":"yanyuandeMacBook-Pro.local","pid":29344,"level":20,"msg":"Processed: \u001b[35m_posts/理解ES6之箭头函数.md\u001b[39m","time":"2022-05-28T03:42:08.656Z","v":0}
{"name":"hexo","hostname":"yanyuandeMacBook-Pro.local","pid":29344,"level":20,"msg":"Processed: \u001b[35m_posts/理解React组件生命周期.md\u001b[39m","time":"2022-05-28T03:42:08.656Z","v":0}
{"name":"hexo","hostname":"yanyuandeMacBook-Pro.local","pid":29344,"level":20,"msg":"Processed: \u001b[35m_posts/理解Redux.md\u001b[39m","time":"2022-05-28T03:42:08.656Z","v":0}
{"name":"hexo","hostname":"yanyuandeMacBook-Pro.local","pid":29344,"level":20,"msg":"Processed: \u001b[35m_posts/编写高性能React代码的原则.md\u001b[39m","time":"2022-05-28T03:42:08.656Z","v":0}
{"name":"hexo","hostname":"yanyuandeMacBook-Pro.local","pid":29344,"level":20,"msg":"Processed: \u001b[35m_posts/移动端H5调试工具指南.md\u001b[39m","time":"2022-05-28T03:42:08.656Z","v":0}
{"name":"hexo","hostname":"yanyuandeMacBook-Pro.local","pid":29344,"level":20,"msg":"Processed: \u001b[35m_posts/聊聊Vue组件通信方式.md\u001b[39m","time":"2022-05-28T03:42:08.656Z","v":0}
{"name":"hexo","hostname":"yanyuandeMacBook-Pro.local","pid":29344,"level":20,"msg":"Processed: \u001b[35m_posts/自定义Hook在React中的实践.md\u001b[39m","time":"2022-05-28T03:42:08.656Z","v":0}
{"name":"hexo","hostname":"yanyuandeMacBook-Pro.local","pid":29344,"level":20,"msg":"Processed: \u001b[35m_posts/读《前端架构设计》——我眼中的前端架构.md\u001b[39m","time":"2022-05-28T03:42:08.656Z","v":0}
{"name":"hexo","hostname":"yanyuandeMacBook-Pro.local","pid":29344,"level":20,"msg":"Processed: \u001b[35m_posts/谈谈React中的组件.md\u001b[39m","time":"2022-05-28T03:42:08.657Z","v":0}
{"name":"hexo","hostname":"yanyuandeMacBook-Pro.local","pid":29344,"level":20,"msg":"Processed: \u001b[35mabout/index.md\u001b[39m","time":"2022-05-28T03:42:08.657Z","v":0}
{"name":"hexo","hostname":"yanyuandeMacBook-Pro.local","pid":29344,"level":20,"msg":"Processed: \u001b[35mproject/index.md\u001b[39m","time":"2022-05-28T03:42:08.657Z","v":0}
{"name":"hexo","hostname":"yanyuandeMacBook-Pro.local","pid":29344,"level":20,"msg":"Processed: \u001b[35mtags/index.md\u001b[39m","time":"2022-05-28T03:42:08.657Z","v":0}
{"name":"hexo","hostname":"yanyuandeMacBook-Pro.local","pid":29344,"level":20,"msg":"Theme config loaded.","time":"2022-05-28T03:42:08.667Z","v":0}
{"name":"hexo","hostname":"yanyuandeMacBook-Pro.local","pid":29344,"level":20,"msg":"Processed: \u001b[35m_config.yml\u001b[39m","time":"2022-05-28T03:42:08.669Z","v":0}
{"name":"hexo","hostname":"yanyuandeMacBook-Pro.local","pid":29344,"level":20,"msg":"Processed: \u001b[35msource/css/style.styl\u001b[39m","time":"2022-05-28T03:42:08.669Z","v":0}
{"name":"hexo","hostname":"yanyuandeMacBook-Pro.local","pid":29344,"level":20,"msg":"Processed: \u001b[35msource/fonts/SourceCodePro.woff2\u001b[39m","time":"2022-05-28T03:42:08.670Z","v":0}
{"name":"hexo","hostname":"yanyuandeMacBook-Pro.local","pid":29344,"level":20,"msg":"Processed: \u001b[35msource/js/script.js\u001b[39m","time":"2022-05-28T03:42:08.670Z","v":0}
{"name":"hexo","hostname":"yanyuandeMacBook-Pro.local","pid":29344,"level":20,"msg":"Processed: \u001b[35msource/js/qrious.js\u001b[39m","time":"2022-05-28T03:42:08.670Z","v":0}
{"name":"hexo","hostname":"yanyuandeMacBook-Pro.local","pid":29344,"level":20,"msg":"Processed: \u001b[35mlayout/about.ejs\u001b[39m","time":"2022-05-28T03:42:08.681Z","v":0}
{"name":"hexo","hostname":"yanyuandeMacBook-Pro.local","pid":29344,"level":20,"msg":"Processed: \u001b[35mlayout/index.ejs\u001b[39m","time":"2022-05-28T03:42:08.681Z","v":0}
{"name":"hexo","hostname":"yanyuandeMacBook-Pro.local","pid":29344,"level":20,"msg":"Processed: \u001b[35mlayout/layout.ejs\u001b[39m","time":"2022-05-28T03:42:08.681Z","v":0}
{"name":"hexo","hostname":"yanyuandeMacBook-Pro.local","pid":29344,"level":20,"msg":"Processed: \u001b[35mlayout/archive.ejs\u001b[39m","time":"2022-05-28T03:42:08.681Z","v":0}
{"name":"hexo","hostname":"yanyuandeMacBook-Pro.local","pid":29344,"level":20,"msg":"Processed: \u001b[35mlayout/page.ejs\u001b[39m","time":"2022-05-28T03:42:08.682Z","v":0}
{"name":"hexo","hostname":"yanyuandeMacBook-Pro.local","pid":29344,"level":20,"msg":"Processed: \u001b[35mlayout/project.ejs\u001b[39m","time":"2022-05-28T03:42:08.682Z","v":0}
{"name":"hexo","hostname":"yanyuandeMacBook-Pro.local","pid":29344,"level":20,"msg":"Processed: \u001b[35mlayout/tags.ejs\u001b[39m","time":"2022-05-28T03:42:08.682Z","v":0}
{"name":"hexo","hostname":"yanyuandeMacBook-Pro.local","pid":29344,"level":20,"msg":"Processed: \u001b[35msource/css/images/catalog.png\u001b[39m","time":"2022-05-28T03:42:08.684Z","v":0}
{"name":"hexo","hostname":"yanyuandeMacBook-Pro.local","pid":29344,"level":20,"msg":"Processed: \u001b[35msource/css/images/escheres.png\u001b[39m","time":"2022-05-28T03:42:08.684Z","v":0}
{"name":"hexo","hostname":"yanyuandeMacBook-Pro.local","pid":29344,"level":20,"msg":"Processed: \u001b[35msource/css/images/favicon.png\u001b[39m","time":"2022-05-28T03:42:08.684Z","v":0}
{"name":"hexo","hostname":"yanyuandeMacBook-Pro.local","pid":29344,"level":20,"msg":"Processed: \u001b[35msource/css/images/menu.png\u001b[39m","time":"2022-05-28T03:42:08.685Z","v":0}
{"name":"hexo","hostname":"yanyuandeMacBook-Pro.local","pid":29344,"level":20,"msg":"Processed: \u001b[35msource/css/images/logo.png\u001b[39m","time":"2022-05-28T03:42:08.685Z","v":0}
{"name":"hexo","hostname":"yanyuandeMacBook-Pro.local","pid":29344,"level":20,"msg":"Processed: \u001b[35msource/css/images/top.png\u001b[39m","time":"2022-05-28T03:42:08.685Z","v":0}
{"name":"hexo","hostname":"yanyuandeMacBook-Pro.local","pid":29344,"level":20,"msg":"Processed: \u001b[35msource/css/plugins/gitment.css\u001b[39m","time":"2022-05-28T03:42:08.685Z","v":0}
{"name":"hexo","hostname":"yanyuandeMacBook-Pro.local","pid":29344,"level":20,"msg":"Processed: \u001b[35msource/fonts/SourceSansPro.ttf\u001b[39m","time":"2022-05-28T03:42:08.685Z","v":0}
{"name":"hexo","hostname":"yanyuandeMacBook-Pro.local","pid":29344,"level":20,"msg":"Processed: \u001b[35msource/js/gitment.js\u001b[39m","time":"2022-05-28T03:42:08.687Z","v":0}
{"name":"hexo","hostname":"yanyuandeMacBook-Pro.local","pid":29344,"level":20,"msg":"Processed: \u001b[35msource/css/images/alipay.jpg\u001b[39m","time":"2022-05-28T03:42:08.687Z","v":0}
{"name":"hexo","hostname":"yanyuandeMacBook-Pro.local","pid":29344,"level":20,"msg":"Processed: \u001b[35msource/css/images/wechat.jpg\u001b[39m","time":"2022-05-28T03:42:08.687Z","v":0}
{"name":"hexo","hostname":"yanyuandeMacBook-Pro.local","pid":29344,"level":20,"msg":"Processed: \u001b[35mlayout/_partial/archive.ejs\u001b[39m","time":"2022-05-28T03:42:08.691Z","v":0}
{"name":"hexo","hostname":"yanyuandeMacBook-Pro.local","pid":29344,"level":20,"msg":"Processed: \u001b[35mlayout/_partial/head.ejs\u001b[39m","time":"2022-05-28T03:42:08.691Z","v":0}
{"name":"hexo","hostname":"yanyuandeMacBook-Pro.local","pid":29344,"level":20,"msg":"Processed: \u001b[35mlayout/_partial/pager.ejs\u001b[39m","time":"2022-05-28T03:42:08.691Z","v":0}
{"name":"hexo","hostname":"yanyuandeMacBook-Pro.local","pid":29344,"level":20,"msg":"Processed: \u001b[35mlayout/_partial/tag.ejs\u001b[39m","time":"2022-05-28T03:42:08.691Z","v":0}
{"name":"hexo","hostname":"yanyuandeMacBook-Pro.local","pid":29344,"level":20,"msg":"Processed: \u001b[35mlayout/_partial/catalog.ejs\u001b[39m","time":"2022-05-28T03:42:08.691Z","v":0}
{"name":"hexo","hostname":"yanyuandeMacBook-Pro.local","pid":29344,"level":20,"msg":"Processed: \u001b[35mlayout/_third-party/mathjax.ejs\u001b[39m","time":"2022-05-28T03:42:08.691Z","v":0}
{"name":"hexo","hostname":"yanyuandeMacBook-Pro.local","pid":29344,"level":20,"msg":"Processed: \u001b[35mlayout/_partial/top.ejs\u001b[39m","time":"2022-05-28T03:42:08.691Z","v":0}
{"name":"hexo","hostname":"yanyuandeMacBook-Pro.local","pid":29344,"level":20,"msg":"Processed: \u001b[35mlayout/_partial/header.ejs\u001b[39m","time":"2022-05-28T03:42:08.691Z","v":0}
{"name":"hexo","hostname":"yanyuandeMacBook-Pro.local","pid":29344,"level":20,"msg":"Processed: \u001b[35mlayout/_partial/footer.ejs\u001b[39m","time":"2022-05-28T03:42:08.691Z","v":0}
{"name":"hexo","hostname":"yanyuandeMacBook-Pro.local","pid":29344,"level":20,"msg":"Processed: \u001b[35mlayout/_partial/nav.ejs\u001b[39m","time":"2022-05-28T03:42:08.691Z","v":0}
{"name":"hexo","hostname":"yanyuandeMacBook-Pro.local","pid":29344,"level":20,"msg":"Generator: \u001b[35mpage\u001b[39m","time":"2022-05-28T03:42:08.729Z","v":0}
{"name":"hexo","hostname":"yanyuandeMacBook-Pro.local","pid":29344,"level":20,"msg":"Generator: \u001b[35mpost\u001b[39m","time":"2022-05-28T03:42:08.729Z","v":0}
{"name":"hexo","hostname":"yanyuandeMacBook-Pro.local","pid":29344,"level":20,"msg":"Generator: \u001b[35marchive\u001b[39m","time":"2022-05-28T03:42:08.729Z","v":0}
{"name":"hexo","hostname":"yanyuandeMacBook-Pro.local","pid":29344,"level":20,"msg":"Generator: \u001b[35mgenerator-0\u001b[39m","time":"2022-05-28T03:42:08.729Z","v":0}
{"name":"hexo","hostname":"yanyuandeMacBook-Pro.local","pid":29344,"level":20,"msg":"Generator: \u001b[35mcategory\u001b[39m","time":"2022-05-28T03:42:08.729Z","v":0}
{"name":"hexo","hostname":"yanyuandeMacBook-Pro.local","pid":29344,"level":20,"msg":"Generator: \u001b[35mindex\u001b[39m","time":"2022-05-28T03:42:08.729Z","v":0}
{"name":"hexo","hostname":"yanyuandeMacBook-Pro.local","pid":29344,"level":20,"msg":"Generator: \u001b[35mtag\u001b[39m","time":"2022-05-28T03:42:08.730Z","v":0}
{"name":"hexo","hostname":"yanyuandeMacBook-Pro.local","pid":29344,"level":20,"msg":"Generator: \u001b[35masset\u001b[39m","time":"2022-05-28T03:42:08.730Z","v":0}
{"name":"hexo","hostname":"yanyuandeMacBook-Pro.local","pid":29344,"level":30,"msg":"Files loaded in \u001b[36m298 ms\u001b[39m","time":"2022-05-28T03:42:08.741Z","v":0}
{"name":"hexo","hostname":"yanyuandeMacBook-Pro.local","pid":29344,"level":20,"msg":"Rendering HTML project: \u001b[35mproject/index.html\u001b[39m","time":"2022-05-28T03:42:08.749Z","v":0}
{"name":"hexo","hostname":"yanyuandeMacBook-Pro.local","pid":29344,"level":20,"msg":"Rendering HTML about: \u001b[35mabout/index.html\u001b[39m","time":"2022-05-28T03:42:08.751Z","v":0}
{"name":"hexo","hostname":"yanyuandeMacBook-Pro.local","pid":29344,"level":20,"msg":"Rendering HTML tags: \u001b[35mtags/index.html\u001b[39m","time":"2022-05-28T03:42:08.752Z","v":0}
{"name":"hexo","hostname":"yanyuandeMacBook-Pro.local","pid":29344,"level":20,"msg":"Rendering HTML page: \u001b[35m2021/01/13/在React和TypeScript中使用emotion/index.html\u001b[39m","time":"2022-05-28T03:42:08.756Z","v":0}
{"name":"hexo","hostname":"yanyuandeMacBook-Pro.local","pid":29344,"level":20,"msg":"Rendering HTML page: \u001b[35m2020/11/05/Webpack5升级指南/index.html\u001b[39m","time":"2022-05-28T03:42:08.875Z","v":0}
{"name":"hexo","hostname":"yanyuandeMacBook-Pro.local","pid":29344,"level":20,"msg":"Rendering HTML page: \u001b[35m2020/09/20/移动端H5调试工具指南/index.html\u001b[39m","time":"2022-05-28T03:42:08.889Z","v":0}
{"name":"hexo","hostname":"yanyuandeMacBook-Pro.local","pid":29344,"level":20,"msg":"Rendering HTML page: \u001b[35m2020/08/03/自定义Hook在React中的实践/index.html\u001b[39m","time":"2022-05-28T03:42:08.898Z","v":0}
{"name":"hexo","hostname":"yanyuandeMacBook-Pro.local","pid":29344,"level":20,"msg":"Rendering HTML page: \u001b[35m2020/07/09/聊聊Vue组件通信方式/index.html\u001b[39m","time":"2022-05-28T03:42:08.915Z","v":0}
{"name":"hexo","hostname":"yanyuandeMacBook-Pro.local","pid":29344,"level":20,"msg":"Rendering HTML page: \u001b[35m2018/12/02/JavaScript排序算法之选择排序和插入排序/index.html\u001b[39m","time":"2022-05-28T03:42:08.927Z","v":0}
{"name":"hexo","hostname":"yanyuandeMacBook-Pro.local","pid":29344,"level":20,"msg":"Rendering HTML page: \u001b[35m2018/11/16/关于一道字符串格式化面试题的思考/index.html\u001b[39m","time":"2022-05-28T03:42:08.933Z","v":0}
{"name":"hexo","hostname":"yanyuandeMacBook-Pro.local","pid":29344,"level":20,"msg":"Rendering HTML page: \u001b[35m2018/11/06/深拷贝探秘/index.html\u001b[39m","time":"2022-05-28T03:42:08.938Z","v":0}
{"name":"hexo","hostname":"yanyuandeMacBook-Pro.local","pid":29344,"level":20,"msg":"Rendering HTML page: \u001b[35m2018/10/30/Webpack之打包体积优化/index.html\u001b[39m","time":"2022-05-28T03:42:08.948Z","v":0}
{"name":"hexo","hostname":"yanyuandeMacBook-Pro.local","pid":29344,"level":20,"msg":"Rendering HTML page: \u001b[35m2018/10/29/Webpack之构建速度优化/index.html\u001b[39m","time":"2022-05-28T03:42:08.954Z","v":0}
{"name":"hexo","hostname":"yanyuandeMacBook-Pro.local","pid":29344,"level":20,"msg":"Rendering HTML page: \u001b[35m2018/09/25/编写高性能React代码的原则/index.html\u001b[39m","time":"2022-05-28T03:42:08.960Z","v":0}
{"name":"hexo","hostname":"yanyuandeMacBook-Pro.local","pid":29344,"level":20,"msg":"Rendering HTML page: \u001b[35m2018/08/22/浅析HTTP缓存/index.html\u001b[39m","time":"2022-05-28T03:42:08.967Z","v":0}
{"name":"hexo","hostname":"yanyuandeMacBook-Pro.local","pid":29344,"level":20,"msg":"Rendering HTML page: \u001b[35m2018/07/27/前端代码规范工程化实践指南/index.html\u001b[39m","time":"2022-05-28T03:42:08.970Z","v":0}
{"name":"hexo","hostname":"yanyuandeMacBook-Pro.local","pid":29344,"level":20,"msg":"Rendering HTML page: \u001b[35m2018/04/04/手摸手撸一个简单的Redux（五）/index.html\u001b[39m","time":"2022-05-28T03:42:08.975Z","v":0}
{"name":"hexo","hostname":"yanyuandeMacBook-Pro.local","pid":29344,"level":20,"msg":"Rendering HTML page: \u001b[35m2018/03/30/使用webpack4和react-router 4实现代码分割/index.html\u001b[39m","time":"2022-05-28T03:42:08.982Z","v":0}
{"name":"hexo","hostname":"yanyuandeMacBook-Pro.local","pid":29344,"level":20,"msg":"Rendering HTML page: \u001b[35m2018/03/19/谈谈React中的组件/index.html\u001b[39m","time":"2022-05-28T03:42:08.990Z","v":0}
{"name":"hexo","hostname":"yanyuandeMacBook-Pro.local","pid":29344,"level":20,"msg":"Rendering HTML page: \u001b[35m2018/03/12/手摸手撸一个简单的Redux（四）/index.html\u001b[39m","time":"2022-05-28T03:42:08.998Z","v":0}
{"name":"hexo","hostname":"yanyuandeMacBook-Pro.local","pid":29344,"level":20,"msg":"Rendering HTML page: \u001b[35m2018/03/08/手摸手撸一个简单的Redux（三）/index.html\u001b[39m","time":"2022-05-28T03:42:09.005Z","v":0}
{"name":"hexo","hostname":"yanyuandeMacBook-Pro.local","pid":29344,"level":20,"msg":"Rendering HTML page: \u001b[35m2018/03/06/手摸手撸一个简单的Redux（二）/index.html\u001b[39m","time":"2022-05-28T03:42:09.012Z","v":0}
{"name":"hexo","hostname":"yanyuandeMacBook-Pro.local","pid":29344,"level":20,"msg":"Rendering HTML page: \u001b[35m2018/02/26/手摸手撸一个简单的Redux（一）/index.html\u001b[39m","time":"2022-05-28T03:42:09.021Z","v":0}
{"name":"hexo","hostname":"yanyuandeMacBook-Pro.local","pid":29344,"level":20,"msg":"Rendering HTML page: \u001b[35m2018/02/23/react-redux开发简单的to do应用/index.html\u001b[39m","time":"2022-05-28T03:42:09.025Z","v":0}
{"name":"hexo","hostname":"yanyuandeMacBook-Pro.local","pid":29344,"level":20,"msg":"Rendering HTML page: \u001b[35m2018/02/06/理解Redux/index.html\u001b[39m","time":"2022-05-28T03:42:09.036Z","v":0}
{"name":"hexo","hostname":"yanyuandeMacBook-Pro.local","pid":29344,"level":20,"msg":"Rendering HTML page: \u001b[35m2018/02/07/Redux实现简单计数器/index.html\u001b[39m","time":"2022-05-28T03:42:09.040Z","v":0}
{"name":"hexo","hostname":"yanyuandeMacBook-Pro.local","pid":29344,"level":20,"msg":"Rendering HTML page: \u001b[35m2018/02/02/React Router V4 学习笔记/index.html\u001b[39m","time":"2022-05-28T03:42:09.051Z","v":0}
{"name":"hexo","hostname":"yanyuandeMacBook-Pro.local","pid":29344,"level":20,"msg":"Rendering HTML page: \u001b[35m2018/01/04/React Native 封装HTTP请求/index.html\u001b[39m","time":"2022-05-28T03:42:09.055Z","v":0}
{"name":"hexo","hostname":"yanyuandeMacBook-Pro.local","pid":29344,"level":20,"msg":"Rendering HTML page: \u001b[35m2017/08/25/基于HTML5实现跨文档通信/index.html\u001b[39m","time":"2022-05-28T03:42:09.058Z","v":0}
{"name":"hexo","hostname":"yanyuandeMacBook-Pro.local","pid":29344,"level":20,"msg":"Rendering HTML page: \u001b[35m2017/05/26/读《前端架构设计》——我眼中的前端架构/index.html\u001b[39m","time":"2022-05-28T03:42:09.064Z","v":0}
{"name":"hexo","hostname":"yanyuandeMacBook-Pro.local","pid":29344,"level":20,"msg":"Rendering HTML page: \u001b[35m2017/03/18/CSS3实现文字流光渐变动画/index.html\u001b[39m","time":"2022-05-28T03:42:09.066Z","v":0}
{"name":"hexo","hostname":"yanyuandeMacBook-Pro.local","pid":29344,"level":20,"msg":"Rendering HTML page: \u001b[35m2017/03/05/微信网页授权功能开发总结/index.html\u001b[39m","time":"2022-05-28T03:42:09.074Z","v":0}
{"name":"hexo","hostname":"yanyuandeMacBook-Pro.local","pid":29344,"level":20,"msg":"Rendering HTML page: \u001b[35m2017/02/02/理解ES6之箭头函数/index.html\u001b[39m","time":"2022-05-28T03:42:09.078Z","v":0}
{"name":"hexo","hostname":"yanyuandeMacBook-Pro.local","pid":29344,"level":20,"msg":"Rendering HTML page: \u001b[35m2017/01/24/理解React组件生命周期/index.html\u001b[39m","time":"2022-05-28T03:42:09.083Z","v":0}
{"name":"hexo","hostname":"yanyuandeMacBook-Pro.local","pid":29344,"level":20,"msg":"Rendering HTML page: \u001b[35m2016/10/15/正则表达式必知必会/index.html\u001b[39m","time":"2022-05-28T03:42:09.087Z","v":0}
{"name":"hexo","hostname":"yanyuandeMacBook-Pro.local","pid":29344,"level":20,"msg":"Rendering HTML page: \u001b[35m2017/01/21/Ubuntu下搭建前端开发环境和常用工具/index.html\u001b[39m","time":"2022-05-28T03:42:09.091Z","v":0}
{"name":"hexo","hostname":"yanyuandeMacBook-Pro.local","pid":29344,"level":20,"msg":"Rendering HTML page: \u001b[35m2016/10/06/初识Node-js/index.html\u001b[39m","time":"2022-05-28T03:42:09.102Z","v":0}
{"name":"hexo","hostname":"yanyuandeMacBook-Pro.local","pid":29344,"level":20,"msg":"Rendering HTML page: \u001b[35m2016/10/04/我和这个世界不熟/index.html\u001b[39m","time":"2022-05-28T03:42:09.105Z","v":0}
{"name":"hexo","hostname":"yanyuandeMacBook-Pro.local","pid":29344,"level":20,"msg":"Rendering HTML page: \u001b[35m2016/09/24/深入理解JavaScript之克隆/index.html\u001b[39m","time":"2022-05-28T03:42:09.107Z","v":0}
{"name":"hexo","hostname":"yanyuandeMacBook-Pro.local","pid":29344,"level":20,"msg":"Rendering HTML page: \u001b[35m2016/07/20/CSS学习笔记之获取元素CSS方法/index.html\u001b[39m","time":"2022-05-28T03:42:09.113Z","v":0}
{"name":"hexo","hostname":"yanyuandeMacBook-Pro.local","pid":29344,"level":20,"msg":"Rendering HTML page: \u001b[35m2016/07/16/深入理解JavaScript之变量提升/index.html\u001b[39m","time":"2022-05-28T03:42:09.119Z","v":0}
{"name":"hexo","hostname":"yanyuandeMacBook-Pro.local","pid":29344,"level":20,"msg":"Rendering HTML page: \u001b[35m2016/07/14/深入理解JavaScript之this/index.html\u001b[39m","time":"2022-05-28T03:42:09.123Z","v":0}
{"name":"hexo","hostname":"yanyuandeMacBook-Pro.local","pid":29344,"level":20,"msg":"Rendering HTML page: \u001b[35m2016/07/10/你不知道的CSS-一/index.html\u001b[39m","time":"2022-05-28T03:42:09.128Z","v":0}
{"name":"hexo","hostname":"yanyuandeMacBook-Pro.local","pid":29344,"level":20,"msg":"Rendering HTML page: \u001b[35m2016/07/03/我的第一个博客，Hexo强力驱动/index.html\u001b[39m","time":"2022-05-28T03:42:09.135Z","v":0}
{"name":"hexo","hostname":"yanyuandeMacBook-Pro.local","pid":29344,"level":20,"msg":"Rendering HTML page: \u001b[35m2016/07/01/hello-world/index.html\u001b[39m","time":"2022-05-28T03:42:09.137Z","v":0}
{"name":"hexo","hostname":"yanyuandeMacBook-Pro.local","pid":29344,"level":20,"msg":"Rendering HTML archive: \u001b[35marchives/index.html\u001b[39m","time":"2022-05-28T03:42:09.139Z","v":0}
{"name":"hexo","hostname":"yanyuandeMacBook-Pro.local","pid":29344,"level":20,"msg":"Rendering HTML archive: \u001b[35marchives/page/2/index.html\u001b[39m","time":"2022-05-28T03:42:09.144Z","v":0}
{"name":"hexo","hostname":"yanyuandeMacBook-Pro.local","pid":29344,"level":20,"msg":"Rendering HTML archive: \u001b[35marchives/page/3/index.html\u001b[39m","time":"2022-05-28T03:42:09.149Z","v":0}
{"name":"hexo","hostname":"yanyuandeMacBook-Pro.local","pid":29344,"level":20,"msg":"Rendering HTML archive: \u001b[35marchives/page/4/index.html\u001b[39m","time":"2022-05-28T03:42:09.155Z","v":0}
{"name":"hexo","hostname":"yanyuandeMacBook-Pro.local","pid":29344,"level":20,"msg":"Rendering HTML archive: \u001b[35marchives/page/5/index.html\u001b[39m","time":"2022-05-28T03:42:09.160Z","v":0}
{"name":"hexo","hostname":"yanyuandeMacBook-Pro.local","pid":29344,"level":20,"msg":"Rendering HTML archive: \u001b[35marchives/page/6/index.html\u001b[39m","time":"2022-05-28T03:42:09.166Z","v":0}
{"name":"hexo","hostname":"yanyuandeMacBook-Pro.local","pid":29344,"level":20,"msg":"Rendering HTML archive: \u001b[35marchives/page/7/index.html\u001b[39m","time":"2022-05-28T03:42:09.170Z","v":0}
{"name":"hexo","hostname":"yanyuandeMacBook-Pro.local","pid":29344,"level":20,"msg":"Rendering HTML archive: \u001b[35marchives/page/8/index.html\u001b[39m","time":"2022-05-28T03:42:09.173Z","v":0}
{"name":"hexo","hostname":"yanyuandeMacBook-Pro.local","pid":29344,"level":20,"msg":"Rendering HTML archive: \u001b[35marchives/page/9/index.html\u001b[39m","time":"2022-05-28T03:42:09.182Z","v":0}
{"name":"hexo","hostname":"yanyuandeMacBook-Pro.local","pid":29344,"level":20,"msg":"Rendering HTML archive: \u001b[35marchives/2016/index.html\u001b[39m","time":"2022-05-28T03:42:09.185Z","v":0}
{"name":"hexo","hostname":"yanyuandeMacBook-Pro.local","pid":29344,"level":20,"msg":"Rendering HTML archive: \u001b[35marchives/2016/page/2/index.html\u001b[39m","time":"2022-05-28T03:42:09.189Z","v":0}
{"name":"hexo","hostname":"yanyuandeMacBook-Pro.local","pid":29344,"level":20,"msg":"Rendering HTML archive: \u001b[35marchives/2016/07/index.html\u001b[39m","time":"2022-05-28T03:42:09.192Z","v":0}
{"name":"hexo","hostname":"yanyuandeMacBook-Pro.local","pid":29344,"level":20,"msg":"Rendering HTML archive: \u001b[35marchives/2016/07/page/2/index.html\u001b[39m","time":"2022-05-28T03:42:09.196Z","v":0}
{"name":"hexo","hostname":"yanyuandeMacBook-Pro.local","pid":29344,"level":20,"msg":"Rendering HTML archive: \u001b[35marchives/2016/09/index.html\u001b[39m","time":"2022-05-28T03:42:09.199Z","v":0}
{"name":"hexo","hostname":"yanyuandeMacBook-Pro.local","pid":29344,"level":20,"msg":"Rendering HTML archive: \u001b[35marchives/2016/10/index.html\u001b[39m","time":"2022-05-28T03:42:09.202Z","v":0}
{"name":"hexo","hostname":"yanyuandeMacBook-Pro.local","pid":29344,"level":20,"msg":"Rendering HTML archive: \u001b[35marchives/2017/index.html\u001b[39m","time":"2022-05-28T03:42:09.206Z","v":0}
{"name":"hexo","hostname":"yanyuandeMacBook-Pro.local","pid":29344,"level":20,"msg":"Rendering HTML archive: \u001b[35marchives/2017/page/2/index.html\u001b[39m","time":"2022-05-28T03:42:09.210Z","v":0}
{"name":"hexo","hostname":"yanyuandeMacBook-Pro.local","pid":29344,"level":20,"msg":"Rendering HTML archive: \u001b[35marchives/2017/01/index.html\u001b[39m","time":"2022-05-28T03:42:09.213Z","v":0}
{"name":"hexo","hostname":"yanyuandeMacBook-Pro.local","pid":29344,"level":20,"msg":"Rendering HTML archive: \u001b[35marchives/2017/02/index.html\u001b[39m","time":"2022-05-28T03:42:09.218Z","v":0}
{"name":"hexo","hostname":"yanyuandeMacBook-Pro.local","pid":29344,"level":20,"msg":"Rendering HTML archive: \u001b[35marchives/2017/03/index.html\u001b[39m","time":"2022-05-28T03:42:09.221Z","v":0}
{"name":"hexo","hostname":"yanyuandeMacBook-Pro.local","pid":29344,"level":20,"msg":"Rendering HTML archive: \u001b[35marchives/2017/05/index.html\u001b[39m","time":"2022-05-28T03:42:09.225Z","v":0}
{"name":"hexo","hostname":"yanyuandeMacBook-Pro.local","pid":29344,"level":20,"msg":"Rendering HTML archive: \u001b[35marchives/2017/08/index.html\u001b[39m","time":"2022-05-28T03:42:09.230Z","v":0}
{"name":"hexo","hostname":"yanyuandeMacBook-Pro.local","pid":29344,"level":20,"msg":"Rendering HTML archive: \u001b[35marchives/2018/index.html\u001b[39m","time":"2022-05-28T03:42:09.234Z","v":0}
{"name":"hexo","hostname":"yanyuandeMacBook-Pro.local","pid":29344,"level":20,"msg":"Rendering HTML archive: \u001b[35marchives/2018/page/2/index.html\u001b[39m","time":"2022-05-28T03:42:09.237Z","v":0}
{"name":"hexo","hostname":"yanyuandeMacBook-Pro.local","pid":29344,"level":20,"msg":"Rendering HTML archive: \u001b[35marchives/2018/page/3/index.html\u001b[39m","time":"2022-05-28T03:42:09.240Z","v":0}
{"name":"hexo","hostname":"yanyuandeMacBook-Pro.local","pid":29344,"level":20,"msg":"Rendering HTML archive: \u001b[35marchives/2018/page/4/index.html\u001b[39m","time":"2022-05-28T03:42:09.247Z","v":0}
{"name":"hexo","hostname":"yanyuandeMacBook-Pro.local","pid":29344,"level":20,"msg":"Rendering HTML archive: \u001b[35marchives/2018/01/index.html\u001b[39m","time":"2022-05-28T03:42:09.251Z","v":0}
{"name":"hexo","hostname":"yanyuandeMacBook-Pro.local","pid":29344,"level":20,"msg":"Rendering HTML archive: \u001b[35marchives/2018/02/index.html\u001b[39m","time":"2022-05-28T03:42:09.255Z","v":0}
{"name":"hexo","hostname":"yanyuandeMacBook-Pro.local","pid":29344,"level":20,"msg":"Rendering HTML archive: \u001b[35marchives/2018/03/index.html\u001b[39m","time":"2022-05-28T03:42:09.265Z","v":0}
{"name":"hexo","hostname":"yanyuandeMacBook-Pro.local","pid":29344,"level":20,"msg":"Rendering HTML archive: \u001b[35marchives/2018/04/index.html\u001b[39m","time":"2022-05-28T03:42:09.268Z","v":0}
{"name":"hexo","hostname":"yanyuandeMacBook-Pro.local","pid":29344,"level":20,"msg":"Rendering HTML archive: \u001b[35marchives/2018/07/index.html\u001b[39m","time":"2022-05-28T03:42:09.272Z","v":0}
{"name":"hexo","hostname":"yanyuandeMacBook-Pro.local","pid":29344,"level":20,"msg":"Rendering HTML archive: \u001b[35marchives/2018/08/index.html\u001b[39m","time":"2022-05-28T03:42:09.277Z","v":0}
{"name":"hexo","hostname":"yanyuandeMacBook-Pro.local","pid":29344,"level":20,"msg":"Rendering HTML archive: \u001b[35marchives/2018/09/index.html\u001b[39m","time":"2022-05-28T03:42:09.282Z","v":0}
{"name":"hexo","hostname":"yanyuandeMacBook-Pro.local","pid":29344,"level":20,"msg":"Rendering HTML archive: \u001b[35marchives/2018/10/index.html\u001b[39m","time":"2022-05-28T03:42:09.286Z","v":0}
{"name":"hexo","hostname":"yanyuandeMacBook-Pro.local","pid":29344,"level":20,"msg":"Rendering HTML archive: \u001b[35marchives/2018/11/index.html\u001b[39m","time":"2022-05-28T03:42:09.288Z","v":0}
{"name":"hexo","hostname":"yanyuandeMacBook-Pro.local","pid":29344,"level":20,"msg":"Rendering HTML archive: \u001b[35marchives/2018/12/index.html\u001b[39m","time":"2022-05-28T03:42:09.292Z","v":0}
{"name":"hexo","hostname":"yanyuandeMacBook-Pro.local","pid":29344,"level":20,"msg":"Rendering HTML archive: \u001b[35marchives/2020/index.html\u001b[39m","time":"2022-05-28T03:42:09.297Z","v":0}
{"name":"hexo","hostname":"yanyuandeMacBook-Pro.local","pid":29344,"level":20,"msg":"Rendering HTML archive: \u001b[35marchives/2020/07/index.html\u001b[39m","time":"2022-05-28T03:42:09.300Z","v":0}
{"name":"hexo","hostname":"yanyuandeMacBook-Pro.local","pid":29344,"level":20,"msg":"Rendering HTML archive: \u001b[35marchives/2020/08/index.html\u001b[39m","time":"2022-05-28T03:42:09.304Z","v":0}
{"name":"hexo","hostname":"yanyuandeMacBook-Pro.local","pid":29344,"level":20,"msg":"Rendering HTML archive: \u001b[35marchives/2020/09/index.html\u001b[39m","time":"2022-05-28T03:42:09.307Z","v":0}
{"name":"hexo","hostname":"yanyuandeMacBook-Pro.local","pid":29344,"level":20,"msg":"Rendering HTML archive: \u001b[35marchives/2020/11/index.html\u001b[39m","time":"2022-05-28T03:42:09.311Z","v":0}
{"name":"hexo","hostname":"yanyuandeMacBook-Pro.local","pid":29344,"level":20,"msg":"Rendering HTML archive: \u001b[35marchives/2021/index.html\u001b[39m","time":"2022-05-28T03:42:09.315Z","v":0}
{"name":"hexo","hostname":"yanyuandeMacBook-Pro.local","pid":29344,"level":20,"msg":"Rendering HTML archive: \u001b[35marchives/2021/01/index.html\u001b[39m","time":"2022-05-28T03:42:09.318Z","v":0}
{"name":"hexo","hostname":"yanyuandeMacBook-Pro.local","pid":29344,"level":20,"msg":"Rendering HTML archive: \u001b[35mcategories/前端/index.html\u001b[39m","time":"2022-05-28T03:42:09.322Z","v":0}
{"name":"hexo","hostname":"yanyuandeMacBook-Pro.local","pid":29344,"level":20,"msg":"Rendering HTML archive: \u001b[35mcategories/前端/page/2/index.html\u001b[39m","time":"2022-05-28T03:42:09.325Z","v":0}
{"name":"hexo","hostname":"yanyuandeMacBook-Pro.local","pid":29344,"level":20,"msg":"Rendering HTML archive: \u001b[35mcategories/前端/page/3/index.html\u001b[39m","time":"2022-05-28T03:42:09.331Z","v":0}
{"name":"hexo","hostname":"yanyuandeMacBook-Pro.local","pid":29344,"level":20,"msg":"Rendering HTML archive: \u001b[35mcategories/生活/index.html\u001b[39m","time":"2022-05-28T03:42:09.334Z","v":0}
{"name":"hexo","hostname":"yanyuandeMacBook-Pro.local","pid":29344,"level":20,"msg":"Rendering HTML index: \u001b[35mindex.html\u001b[39m","time":"2022-05-28T03:42:09.337Z","v":0}
{"name":"hexo","hostname":"yanyuandeMacBook-Pro.local","pid":29344,"level":20,"msg":"Rendering HTML index: \u001b[35mpage/2/index.html\u001b[39m","time":"2022-05-28T03:42:09.343Z","v":0}
{"name":"hexo","hostname":"yanyuandeMacBook-Pro.local","pid":29344,"level":20,"msg":"Rendering HTML index: \u001b[35mpage/3/index.html\u001b[39m","time":"2022-05-28T03:42:09.348Z","v":0}
{"name":"hexo","hostname":"yanyuandeMacBook-Pro.local","pid":29344,"level":20,"msg":"Rendering HTML index: \u001b[35mpage/4/index.html\u001b[39m","time":"2022-05-28T03:42:09.356Z","v":0}
{"name":"hexo","hostname":"yanyuandeMacBook-Pro.local","pid":29344,"level":20,"msg":"Rendering HTML index: \u001b[35mpage/5/index.html\u001b[39m","time":"2022-05-28T03:42:09.363Z","v":0}
{"name":"hexo","hostname":"yanyuandeMacBook-Pro.local","pid":29344,"level":20,"msg":"Rendering HTML archive: \u001b[35mtags/算法/index.html\u001b[39m","time":"2022-05-28T03:42:09.365Z","v":0}
{"name":"hexo","hostname":"yanyuandeMacBook-Pro.local","pid":29344,"level":20,"msg":"Rendering HTML archive: \u001b[35mtags/CSS/index.html\u001b[39m","time":"2022-05-28T03:42:09.368Z","v":0}
{"name":"hexo","hostname":"yanyuandeMacBook-Pro.local","pid":29344,"level":20,"msg":"Rendering HTML archive: \u001b[35mtags/React-Native/index.html\u001b[39m","time":"2022-05-28T03:42:09.374Z","v":0}
{"name":"hexo","hostname":"yanyuandeMacBook-Pro.local","pid":29344,"level":20,"msg":"Rendering HTML archive: \u001b[35mtags/Redux/index.html\u001b[39m","time":"2022-05-28T03:42:09.379Z","v":0}
{"name":"hexo","hostname":"yanyuandeMacBook-Pro.local","pid":29344,"level":20,"msg":"Rendering HTML archive: \u001b[35mtags/Redux/page/2/index.html\u001b[39m","time":"2022-05-28T03:42:09.383Z","v":0}
{"name":"hexo","hostname":"yanyuandeMacBook-Pro.local","pid":29344,"level":20,"msg":"Rendering HTML archive: \u001b[35mtags/React-Router/index.html\u001b[39m","time":"2022-05-28T03:42:09.386Z","v":0}
{"name":"hexo","hostname":"yanyuandeMacBook-Pro.local","pid":29344,"level":20,"msg":"Rendering HTML archive: \u001b[35mtags/React/index.html\u001b[39m","time":"2022-05-28T03:42:09.389Z","v":0}
{"name":"hexo","hostname":"yanyuandeMacBook-Pro.local","pid":29344,"level":20,"msg":"Rendering HTML archive: \u001b[35mtags/React/page/2/index.html\u001b[39m","time":"2022-05-28T03:42:09.392Z","v":0}
{"name":"hexo","hostname":"yanyuandeMacBook-Pro.local","pid":29344,"level":20,"msg":"Rendering HTML archive: \u001b[35mtags/React/page/3/index.html\u001b[39m","time":"2022-05-28T03:42:09.397Z","v":0}
{"name":"hexo","hostname":"yanyuandeMacBook-Pro.local","pid":29344,"level":20,"msg":"Rendering HTML archive: \u001b[35mtags/Linux/index.html\u001b[39m","time":"2022-05-28T03:42:09.400Z","v":0}
{"name":"hexo","hostname":"yanyuandeMacBook-Pro.local","pid":29344,"level":20,"msg":"Rendering HTML archive: \u001b[35mtags/Webpack/index.html\u001b[39m","time":"2022-05-28T03:42:09.403Z","v":0}
{"name":"hexo","hostname":"yanyuandeMacBook-Pro.local","pid":29344,"level":20,"msg":"Rendering HTML archive: \u001b[35mtags/Node/index.html\u001b[39m","time":"2022-05-28T03:42:09.406Z","v":0}
{"name":"hexo","hostname":"yanyuandeMacBook-Pro.local","pid":29344,"level":20,"msg":"Rendering HTML archive: \u001b[35mtags/react-router/index.html\u001b[39m","time":"2022-05-28T03:42:09.410Z","v":0}
{"name":"hexo","hostname":"yanyuandeMacBook-Pro.local","pid":29344,"level":20,"msg":"Rendering HTML archive: \u001b[35mtags/JavaScript/index.html\u001b[39m","time":"2022-05-28T03:42:09.415Z","v":0}
{"name":"hexo","hostname":"yanyuandeMacBook-Pro.local","pid":29344,"level":20,"msg":"Rendering HTML archive: \u001b[35mtags/前端/index.html\u001b[39m","time":"2022-05-28T03:42:09.418Z","v":0}
{"name":"hexo","hostname":"yanyuandeMacBook-Pro.local","pid":29344,"level":20,"msg":"Rendering HTML archive: \u001b[35mtags/HTML5/index.html\u001b[39m","time":"2022-05-28T03:42:09.421Z","v":0}
{"name":"hexo","hostname":"yanyuandeMacBook-Pro.local","pid":29344,"level":20,"msg":"Rendering HTML archive: \u001b[35mtags/CSS-in-JS/index.html\u001b[39m","time":"2022-05-28T03:42:09.425Z","v":0}
{"name":"hexo","hostname":"yanyuandeMacBook-Pro.local","pid":29344,"level":20,"msg":"Rendering HTML archive: \u001b[35mtags/emotion/index.html\u001b[39m","time":"2022-05-28T03:42:09.430Z","v":0}
{"name":"hexo","hostname":"yanyuandeMacBook-Pro.local","pid":29344,"level":20,"msg":"Rendering HTML archive: \u001b[35mtags/随笔/index.html\u001b[39m","time":"2022-05-28T03:42:09.433Z","v":0}
{"name":"hexo","hostname":"yanyuandeMacBook-Pro.local","pid":29344,"level":20,"msg":"Rendering HTML archive: \u001b[35mtags/微信/index.html\u001b[39m","time":"2022-05-28T03:42:09.436Z","v":0}
{"name":"hexo","hostname":"yanyuandeMacBook-Pro.local","pid":29344,"level":20,"msg":"Rendering HTML archive: \u001b[35mtags/杂谈/index.html\u001b[39m","time":"2022-05-28T03:42:09.439Z","v":0}
{"name":"hexo","hostname":"yanyuandeMacBook-Pro.local","pid":29344,"level":20,"msg":"Rendering HTML archive: \u001b[35mtags/生活/index.html\u001b[39m","time":"2022-05-28T03:42:09.448Z","v":0}
{"name":"hexo","hostname":"yanyuandeMacBook-Pro.local","pid":29344,"level":20,"msg":"Rendering HTML archive: \u001b[35mtags/正则/index.html\u001b[39m","time":"2022-05-28T03:42:09.452Z","v":0}
{"name":"hexo","hostname":"yanyuandeMacBook-Pro.local","pid":29344,"level":20,"msg":"Rendering HTML archive: \u001b[35mtags/HTTP/index.html\u001b[39m","time":"2022-05-28T03:42:09.456Z","v":0}
{"name":"hexo","hostname":"yanyuandeMacBook-Pro.local","pid":29344,"level":20,"msg":"Rendering HTML archive: \u001b[35mtags/ES6/index.html\u001b[39m","time":"2022-05-28T03:42:09.459Z","v":0}
{"name":"hexo","hostname":"yanyuandeMacBook-Pro.local","pid":29344,"level":20,"msg":"Rendering HTML archive: \u001b[35mtags/移动端/index.html\u001b[39m","time":"2022-05-28T03:42:09.464Z","v":0}
{"name":"hexo","hostname":"yanyuandeMacBook-Pro.local","pid":29344,"level":20,"msg":"Rendering HTML archive: \u001b[35mtags/调试/index.html\u001b[39m","time":"2022-05-28T03:42:09.467Z","v":0}
{"name":"hexo","hostname":"yanyuandeMacBook-Pro.local","pid":29344,"level":20,"msg":"Rendering HTML archive: \u001b[35mtags/架构/index.html\u001b[39m","time":"2022-05-28T03:42:09.470Z","v":0}
{"name":"hexo","hostname":"yanyuandeMacBook-Pro.local","pid":29344,"level":20,"msg":"Rendering HTML archive: \u001b[35mtags/Vue/index.html\u001b[39m","time":"2022-05-28T03:42:09.474Z","v":0}
{"name":"hexo","hostname":"yanyuandeMacBook-Pro.local","pid":29344,"level":20,"msg":"Rendering HTML archive: \u001b[35mtags/组件/index.html\u001b[39m","time":"2022-05-28T03:42:09.478Z","v":0}
{"name":"hexo","hostname":"yanyuandeMacBook-Pro.local","pid":29344,"level":20,"msg":"Rendering HTML archive: \u001b[35mtags/hooks/index.html\u001b[39m","time":"2022-05-28T03:42:09.481Z","v":0}
{"name":"hexo","hostname":"yanyuandeMacBook-Pro.local","pid":29344,"level":30,"msg":"Generated: \u001b[35mtags/index.html\u001b[39m","time":"2022-05-28T03:42:10.187Z","v":0}
{"name":"hexo","hostname":"yanyuandeMacBook-Pro.local","pid":29344,"level":30,"msg":"1 files generated in \u001b[36m1.45 s\u001b[39m","time":"2022-05-28T03:42:10.187Z","v":0}
{"name":"hexo","hostname":"yanyuandeMacBook-Pro.local","pid":29344,"level":20,"msg":"Database saved","time":"2022-05-28T03:42:10.214Z","v":0}
